[Sun Jun 06 15:18:09.681574 2021] [mpm_winnt:notice] [pid 4204:tid 544] AH00455: Apache/2.4.48 (Win64) PHP/8.0.7 configured -- resuming normal operations
[Sun Jun 06 15:18:09.681574 2021] [mpm_winnt:notice] [pid 4204:tid 544] AH00456: Apache Lounge VS16 Server built: May 18 2021 10:45:56
[Sun Jun 06 15:18:09.681574 2021] [core:notice] [pid 4204:tid 544] AH00094: Command line: 'C:\\Apache24\\bin\\httpd.exe -d C:/Apache24'
[Sun Jun 06 15:18:09.684585 2021] [mpm_winnt:notice] [pid 4204:tid 544] AH00418: Parent: Created child process 8652
Apache server shutdown initiated...
pm_winnt:notice] [pid 8652:tid 560] AH00354: Child: Starting 64 worker threads.
[Sun Jun 06 15:23:56.418465 2021] [mpm_winnt:notice] [pid 4204:tid 544] AH00422: Parent: Received shutdown signal -- Shutting down the server.
[Sun Jun 06 15:23:58.435280 2021] [mpm_winnt:notice] [pid 8652:tid 560] AH00364: Child: All worker threads have exited.
[Sun Jun 06 15:24:00.130588 2021] [mpm_winnt:notice] [pid 4204:tid 544] AH00430: Parent: Child process 8652 exited successfully.
[Sun Jun 06 15:24:41.124109 2021] [mpm_winnt:notice] [pid 12312:tid 564] AH00455: Apache/2.4.48 (Win64) PHP/8.0.7 configured -- resuming normal operations
[Sun Jun 06 15:24:41.124109 2021] [mpm_winnt:notice] [pid 12312:tid 564] AH00456: Apache Lounge VS16 Server built: May 18 2021 10:45:56
[Sun Jun 06 15:24:41.124109 2021] [core:notice] [pid 12312:tid 564] AH00094: Command line: 'C:\\Apache24\\bin\\httpd.exe -d C:/Apache24'
[Sun Jun 06 15:24:41.133105 2021] [mpm_winnt:notice] [pid 12312:tid 564] AH00418: Parent: Created child process 5372
[Sun Jun 06 15:24:41.448279 2021] [mpm_winnt:notice] [pid 5372:tid 564] AH00354: Child: Starting 64 worker threads.
[Tue Jun 08 21:33:36.745909 2021] [mpm_winnt:notice] [pid 13436:tid 652] AH00455: Apache/2.4.48 (Win64) PHP/8.0.7 configured -- resuming normal operations
[Tue Jun 08 21:33:36.751937 2021] [mpm_winnt:notice] [pid 13436:tid 652] AH00456: Apache Lounge VS16 Server built: May 18 2021 10:45:56
[Tue Jun 08 21:33:36.751937 2021] [core:notice] [pid 13436:tid 652] AH00094: Command line: 'C:\\Apache24\\bin\\httpd.exe -d C:/Apache24'
[Tue Jun 08 21:33:36.760936 2021] [mpm_winnt:notice] [pid 13436:tid 652] AH00418: Parent: Created child process 15320
[Tue Jun 08 21:33:37.179750 2021] [mpm_winnt:notice] [pid 15320:tid 588] AH00354: Child: Starting 64 worker threads.
PHP Warning:  Module "mysqli" is already loaded in Unknown on line 0
[Wed Jun 09 19:01:01.554978 2021] [mpm_winnt:notice] [pid 21428:tid 632] AH00455: Apache/2.4.48 (Win64) PHP/8.0.7 configured -- resuming normal operations
[Wed Jun 09 19:01:01.554978 2021] [mpm_winnt:notice] [pid 21428:tid 632] AH00456: Apache Lounge VS16 Server built: May 18 2021 10:45:56
[Wed Jun 09 19:01:01.554978 2021] [core:notice] [pid 21428:tid 632] AH00094: Command line: 'C:\\Apache24\\bin\\httpd.exe -d C:/Apache24'
[Wed Jun 09 19:01:01.564973 2021] [mpm_winnt:notice] [pid 21428:tid 632] AH00418: Parent: Created child process 20504
PHP Warning:  Module "mysqli" is already loaded in Unknown on line 0
[Wed Jun 09 19:01:01.889242 2021] [mpm_winnt:notice] [pid 20504:tid 628] AH00354: Child: Starting 64 worker threads.
[Wed Jun 09 21:04:21.477329 2021] [php:error] [pid 20504:tid 1112] [client 167.71.13.196:35994] script 'D:/Learn-PHP/info.php' not found or unable to stat
[Thu Jun 10 09:37:00.209410 2021] [core:error] [pid 20504:tid 1112] (OS 87)Параметр задан неверно.  : [client 178.62.199.239:57606] AH00127: Cannot map GET /3000D00E0000FFFF3F0031313744373731343634304537353046007A7A7A7A7A7A7A7A7A7A7A7A7A7A7A0000000000000000000000000000000000000000000000000000000000000000000000000000000000000000000001000008047A7A7A7A7A7A7A7A7A0000000000000000000000000000000000000000000000000000000000000000 HTTP/1.1 to file
[Thu Jun 10 14:34:56.430226 2021] [php:error] [pid 20504:tid 1064] [client 120.79.42.204:33468] script 'D:/Learn-PHP/elrekt.php' not found or unable to stat
